<?xml version="1.0" encoding="UTF-8"?>
<testsuite name="com.ajaykumar.RestfullWebServices.RestfullWebServicesApplicationTests" tests="1" skipped="0" failures="0" errors="0" timestamp="2020-03-14T20:30:45" hostname="ajay-kumar" time="0.205">
  <properties/>
  <testcase name="contextLoads()" classname="com.ajaykumar.RestfullWebServices.RestfullWebServicesApplicationTests" time="0.205"/>
  <system-out><![CDATA[02:00:43.659 [Test worker] DEBUG org.springframework.test.context.BootstrapUtils - Instantiating CacheAwareContextLoaderDelegate from class [org.springframework.test.context.cache.DefaultCacheAwareContextLoaderDelegate]
02:00:43.667 [Test worker] DEBUG org.springframework.test.context.BootstrapUtils - Instantiating BootstrapContext using constructor [public org.springframework.test.context.support.DefaultBootstrapContext(java.lang.Class,org.springframework.test.context.CacheAwareContextLoaderDelegate)]
02:00:43.685 [Test worker] DEBUG org.springframework.test.context.BootstrapUtils - Instantiating TestContextBootstrapper for test class [com.ajaykumar.RestfullWebServices.RestfullWebServicesApplicationTests] from class [org.springframework.boot.test.context.SpringBootTestContextBootstrapper]
02:00:43.697 [Test worker] INFO org.springframework.boot.test.context.SpringBootTestContextBootstrapper - Neither @ContextConfiguration nor @ContextHierarchy found for test class [com.ajaykumar.RestfullWebServices.RestfullWebServicesApplicationTests], using SpringBootContextLoader
02:00:43.701 [Test worker] DEBUG org.springframework.test.context.support.AbstractContextLoader - Did not detect default resource location for test class [com.ajaykumar.RestfullWebServices.RestfullWebServicesApplicationTests]: class path resource [com/ajaykumar/RestfullWebServices/RestfullWebServicesApplicationTests-context.xml] does not exist
02:00:43.701 [Test worker] DEBUG org.springframework.test.context.support.AbstractContextLoader - Did not detect default resource location for test class [com.ajaykumar.RestfullWebServices.RestfullWebServicesApplicationTests]: class path resource [com/ajaykumar/RestfullWebServices/RestfullWebServicesApplicationTestsContext.groovy] does not exist
02:00:43.702 [Test worker] INFO org.springframework.test.context.support.AbstractContextLoader - Could not detect default resource locations for test class [com.ajaykumar.RestfullWebServices.RestfullWebServicesApplicationTests]: no resource found for suffixes {-context.xml, Context.groovy}.
02:00:43.703 [Test worker] INFO org.springframework.test.context.support.AnnotationConfigContextLoaderUtils - Could not detect default configuration classes for test class [com.ajaykumar.RestfullWebServices.RestfullWebServicesApplicationTests]: RestfullWebServicesApplicationTests does not declare any static, non-private, non-final, nested classes annotated with @Configuration.
02:00:43.740 [Test worker] DEBUG org.springframework.test.context.support.ActiveProfilesUtils - Could not find an 'annotation declaring class' for annotation type [org.springframework.test.context.ActiveProfiles] and class [com.ajaykumar.RestfullWebServices.RestfullWebServicesApplicationTests]
02:00:43.778 [Test worker] DEBUG org.springframework.context.annotation.ClassPathScanningCandidateComponentProvider - Identified candidate component class: file [/home/ajay/IdeaProjects/RestfullWebServices/build/classes/java/main/com/ajaykumar/RestfullWebServices/RestfullWebServicesApplication.class]
02:00:43.779 [Test worker] INFO org.springframework.boot.test.context.SpringBootTestContextBootstrapper - Found @SpringBootConfiguration com.ajaykumar.RestfullWebServices.RestfullWebServicesApplication for test class com.ajaykumar.RestfullWebServices.RestfullWebServicesApplicationTests
02:00:43.851 [Test worker] DEBUG org.springframework.boot.test.context.SpringBootTestContextBootstrapper - @TestExecutionListeners is not present for class [com.ajaykumar.RestfullWebServices.RestfullWebServicesApplicationTests]: using defaults.
02:00:43.851 [Test worker] INFO org.springframework.boot.test.context.SpringBootTestContextBootstrapper - Loaded default TestExecutionListener class names from location [META-INF/spring.factories]: [org.springframework.boot.test.autoconfigure.restdocs.RestDocsTestExecutionListener, org.springframework.boot.test.autoconfigure.web.client.MockRestServiceServerResetTestExecutionListener, org.springframework.boot.test.autoconfigure.web.servlet.MockMvcPrintOnlyOnFailureTestExecutionListener, org.springframework.boot.test.autoconfigure.web.servlet.WebDriverTestExecutionListener, org.springframework.boot.test.mock.mockito.MockitoTestExecutionListener, org.springframework.boot.test.mock.mockito.ResetMocksTestExecutionListener, org.springframework.test.context.web.ServletTestExecutionListener, org.springframework.test.context.support.DirtiesContextBeforeModesTestExecutionListener, org.springframework.test.context.support.DependencyInjectionTestExecutionListener, org.springframework.test.context.support.DirtiesContextTestExecutionListener, org.springframework.test.context.transaction.TransactionalTestExecutionListener, org.springframework.test.context.jdbc.SqlScriptsTestExecutionListener, org.springframework.test.context.event.EventPublishingTestExecutionListener]
02:00:43.857 [Test worker] DEBUG org.springframework.boot.test.context.SpringBootTestContextBootstrapper - Skipping candidate TestExecutionListener [org.springframework.test.context.transaction.TransactionalTestExecutionListener] due to a missing dependency. Specify custom listener classes or make the default listener classes and their required dependencies available. Offending class: [org/springframework/transaction/TransactionDefinition]
02:00:43.858 [Test worker] DEBUG org.springframework.boot.test.context.SpringBootTestContextBootstrapper - Skipping candidate TestExecutionListener [org.springframework.test.context.jdbc.SqlScriptsTestExecutionListener] due to a missing dependency. Specify custom listener classes or make the default listener classes and their required dependencies available. Offending class: [org/springframework/transaction/interceptor/TransactionAttribute]
02:00:43.858 [Test worker] INFO org.springframework.boot.test.context.SpringBootTestContextBootstrapper - Using TestExecutionListeners: [org.springframework.test.context.web.ServletTestExecutionListener@6b88bc7f, org.springframework.test.context.support.DirtiesContextBeforeModesTestExecutionListener@7a6008e1, org.springframework.boot.test.mock.mockito.MockitoTestExecutionListener@258223b0, org.springframework.boot.test.autoconfigure.SpringBootDependencyInjectionTestExecutionListener@c182e17, org.springframework.test.context.support.DirtiesContextTestExecutionListener@225d10af, org.springframework.test.context.event.EventPublishingTestExecutionListener@58002305, org.springframework.boot.test.autoconfigure.restdocs.RestDocsTestExecutionListener@6cab0416, org.springframework.boot.test.autoconfigure.web.client.MockRestServiceServerResetTestExecutionListener@218ee702, org.springframework.boot.test.autoconfigure.web.servlet.MockMvcPrintOnlyOnFailureTestExecutionListener@6b1c43f4, org.springframework.boot.test.autoconfigure.web.servlet.WebDriverTestExecutionListener@32dd4d99, org.springframework.boot.test.mock.mockito.ResetMocksTestExecutionListener@6e27460]
02:00:43.860 [Test worker] DEBUG org.springframework.test.context.support.AbstractDirtiesContextTestExecutionListener - Before test class: context [DefaultTestContext@6afe3c5e testClass = RestfullWebServicesApplicationTests, testInstance = [null], testMethod = [null], testException = [null], mergedContextConfiguration = [WebMergedContextConfiguration@197dc5f9 testClass = RestfullWebServicesApplicationTests, locations = '{}', classes = '{class com.ajaykumar.RestfullWebServices.RestfullWebServicesApplication}', contextInitializerClasses = '[]', activeProfiles = '{}', propertySourceLocations = '{}', propertySourceProperties = '{org.springframework.boot.test.context.SpringBootTestContextBootstrapper=true}', contextCustomizers = set[org.springframework.boot.test.autoconfigure.properties.PropertyMappingContextCustomizer@0, org.springframework.boot.test.autoconfigure.web.servlet.WebDriverContextCustomizerFactory$Customizer@af10b53, org.springframework.boot.test.context.filter.ExcludeFilterContextCustomizer@4c3de9e5, org.springframework.boot.test.json.DuplicateJsonObjectContextCustomizerFactory$DuplicateJsonObjectContextCustomizer@2953e20c, org.springframework.boot.test.mock.mockito.MockitoContextCustomizer@0, org.springframework.boot.test.web.client.TestRestTemplateContextCustomizer@198956b1], resourceBasePath = 'src/main/webapp', contextLoader = 'org.springframework.boot.test.context.SpringBootContextLoader', parent = [null]], attributes = map['org.springframework.test.context.web.ServletTestExecutionListener.activateListener' -> true]], class annotated with @DirtiesContext [false] with mode [null].
02:00:43.878 [Test worker] DEBUG org.springframework.test.context.support.TestPropertySourceUtils - Adding inlined properties to environment: {spring.jmx.enabled=false, org.springframework.boot.test.context.SpringBootTestContextBootstrapper=true, server.port=-1}

  .   ____          _            __ _ _
 /\\ / ___'_ __ _ _(_)_ __  __ _ \ \ \ \
( ( )\___ | '_ | '_| | '_ \/ _` | \ \ \ \
 \\/  ___)| |_)| | | | | || (_| |  ) ) ) )
  '  |____| .__|_| |_|_| |_\__, | / / / /
 =========|_|==============|___/=/_/_/_/
 :: Spring Boot ::        (v2.2.5.RELEASE)

2020-03-15 02:00:44.055  INFO 32037 --- [    Test worker] .a.R.RestfullWebServicesApplicationTests : Starting RestfullWebServicesApplicationTests on ajay-kumar with PID 32037 (started by ajay in /home/ajay/IdeaProjects/RestfullWebServices)
2020-03-15 02:00:44.056  INFO 32037 --- [    Test worker] .a.R.RestfullWebServicesApplicationTests : No active profile set, falling back to default profiles: default
2020-03-15 02:00:44.954  INFO 32037 --- [    Test worker] o.s.s.concurrent.ThreadPoolTaskExecutor  : Initializing ExecutorService 'applicationTaskExecutor'
2020-03-15 02:00:45.179  INFO 32037 --- [    Test worker] .a.R.RestfullWebServicesApplicationTests : Started RestfullWebServicesApplicationTests in 1.295 seconds (JVM running for 2.169)
]]></system-out>
  <system-err><![CDATA[]]></system-err>
</testsuite>
